2023-10-25 10:51:11,582 [INFO] com.grapplermodule1.GrapplerEnhancement.GrapplerEnhancementApplication [restartedMain] Starting GrapplerEnhancementApplication using Java 17.0.7 with PID 2012 (C:\Users\ASUS\IdeaProjects\Grappler-Enhancement\target\classes started by ASUS in C:\Users\ASUS\IdeaProjects\Grappler-Enhancement)
2023-10-25 10:51:11,594 [INFO] com.grapplermodule1.GrapplerEnhancement.GrapplerEnhancementApplication [restartedMain] No active profile set, falling back to 1 default profile: "default"
2023-10-25 10:51:11,723 [INFO] org.springframework.boot.devtools.env.DevToolsPropertyDefaultsPostProcessor [restartedMain] Devtools property defaults active! Set 'spring.devtools.add-properties' to 'false' to disable
2023-10-25 10:51:11,723 [INFO] org.springframework.boot.devtools.env.DevToolsPropertyDefaultsPostProcessor [restartedMain] For additional web related logging consider setting the 'logging.level.web' property to 'DEBUG'
2023-10-25 10:51:13,147 [INFO] org.springframework.data.repository.config.RepositoryConfigurationDelegate [restartedMain] Bootstrapping Spring Data JPA repositories in DEFAULT mode.
2023-10-25 10:51:13,259 [INFO] org.springframework.data.repository.config.RepositoryConfigurationDelegate [restartedMain] Finished Spring Data repository scanning in 100 ms. Found 3 JPA repository interfaces.
2023-10-25 10:51:14,693 [INFO] org.springframework.boot.web.embedded.tomcat.TomcatWebServer [restartedMain] Tomcat initialized with port(s): 8080 (http)
2023-10-25 10:51:14,723 [INFO] org.apache.catalina.core.StandardService [restartedMain] Starting service [Tomcat]
2023-10-25 10:51:14,724 [INFO] org.apache.catalina.core.StandardEngine [restartedMain] Starting Servlet engine: [Apache Tomcat/10.1.13]
2023-10-25 10:51:14,954 [INFO] org.apache.catalina.core.ContainerBase.[Tomcat].[localhost].[/] [restartedMain] Initializing Spring embedded WebApplicationContext
2023-10-25 10:51:14,955 [INFO] org.springframework.boot.web.servlet.context.ServletWebServerApplicationContext [restartedMain] Root WebApplicationContext: initialization completed in 3231 ms
2023-10-25 10:51:15,377 [INFO] org.hibernate.jpa.internal.util.LogHelper [restartedMain] HHH000204: Processing PersistenceUnitInfo [name: default]
2023-10-25 10:51:15,547 [INFO] org.hibernate.Version [restartedMain] HHH000412: Hibernate ORM core version 6.2.9.Final
2023-10-25 10:51:15,552 [INFO] org.hibernate.cfg.Environment [restartedMain] HHH000406: Using bytecode reflection optimizer
2023-10-25 10:51:15,833 [INFO] org.hibernate.bytecode.internal.BytecodeProviderInitiator [restartedMain] HHH000021: Bytecode provider name : bytebuddy
2023-10-25 10:51:16,078 [INFO] org.springframework.orm.jpa.persistenceunit.SpringPersistenceUnitInfo [restartedMain] No LoadTimeWeaver setup: ignoring JPA class transformer
2023-10-25 10:51:16,122 [INFO] com.zaxxer.hikari.HikariDataSource [restartedMain] HikariPool-1 - Starting...
2023-10-25 10:51:16,566 [INFO] com.zaxxer.hikari.pool.HikariPool [restartedMain] HikariPool-1 - Added connection com.mysql.cj.jdbc.ConnectionImpl@53eb5232
2023-10-25 10:51:16,568 [INFO] com.zaxxer.hikari.HikariDataSource [restartedMain] HikariPool-1 - Start completed.
2023-10-25 10:51:17,103 [INFO] org.hibernate.bytecode.internal.BytecodeProviderInitiator [restartedMain] HHH000021: Bytecode provider name : bytebuddy
2023-10-25 10:51:17,991 [INFO] org.hibernate.engine.transaction.jta.platform.internal.JtaPlatformInitiator [restartedMain] HHH000490: Using JtaPlatform implementation: [org.hibernate.engine.transaction.jta.platform.internal.NoJtaPlatform]
2023-10-25 10:51:18,161 [INFO] org.springframework.orm.jpa.LocalContainerEntityManagerFactoryBean [restartedMain] Initialized JPA EntityManagerFactory for persistence unit 'default'
2023-10-25 10:51:18,643 [INFO] org.springframework.data.jpa.repository.query.QueryEnhancerFactory [restartedMain] Hibernate is in classpath; If applicable, HQL parser will be used.
2023-10-25 10:51:20,214 [WARN] org.springframework.boot.autoconfigure.orm.jpa.JpaBaseConfiguration$JpaWebConfiguration [restartedMain] spring.jpa.open-in-view is enabled by default. Therefore, database queries may be performed during view rendering. Explicitly configure spring.jpa.open-in-view to disable this warning
2023-10-25 10:51:22,201 [INFO] org.springframework.security.web.DefaultSecurityFilterChain [restartedMain] Will secure any request with [org.springframework.security.web.session.DisableEncodeUrlFilter@1a8901cf, org.springframework.security.web.context.request.async.WebAsyncManagerIntegrationFilter@1c52792, org.springframework.security.web.context.SecurityContextHolderFilter@15408fdb, org.springframework.security.web.header.HeaderWriterFilter@5f0f7029, org.springframework.security.web.authentication.logout.LogoutFilter@3e5eda24, com.grapplermodule1.GrapplerEnhancement.cerebrus.jwtauthentication.JwtAuthenticationFilter@1b592797, org.springframework.security.web.authentication.www.BasicAuthenticationFilter@3f44827e, org.springframework.security.web.savedrequest.RequestCacheAwareFilter@2e246f25, org.springframework.security.web.servletapi.SecurityContextHolderAwareRequestFilter@64ba4f83, org.springframework.security.web.authentication.AnonymousAuthenticationFilter@7bf5b8c4, org.springframework.security.web.session.SessionManagementFilter@c0811fe, org.springframework.security.web.access.ExceptionTranslationFilter@401d2313, org.springframework.security.web.access.intercept.AuthorizationFilter@505892f6]
2023-10-25 10:51:22,845 [INFO] org.springframework.boot.devtools.autoconfigure.OptionalLiveReloadServer [restartedMain] LiveReload server is running on port 35729
2023-10-25 10:51:22,889 [INFO] org.springframework.boot.web.embedded.tomcat.TomcatWebServer [restartedMain] Tomcat started on port(s): 8080 (http) with context path ''
2023-10-25 10:51:22,905 [INFO] com.grapplermodule1.GrapplerEnhancement.GrapplerEnhancementApplication [restartedMain] Started GrapplerEnhancementApplication in 12.042 seconds (process running for 13.182)
2023-10-25 10:52:16,262 [INFO] org.apache.catalina.core.ContainerBase.[Tomcat].[localhost].[/] [http-nio-8080-exec-2] Initializing Spring DispatcherServlet 'dispatcherServlet'
2023-10-25 10:52:16,262 [INFO] org.springframework.web.servlet.DispatcherServlet [http-nio-8080-exec-2] Initializing Servlet 'dispatcherServlet'
2023-10-25 10:52:16,264 [INFO] org.springframework.web.servlet.DispatcherServlet [http-nio-8080-exec-2] Completed initialization in 2 ms
2023-10-25 10:52:16,349 [INFO] com.grapplermodule1.GrapplerEnhancement.service.HierarchyService [http-nio-8080-exec-2] Get All Teams API Called, UUID bca5339f-c2ee-4ae1-a3f8-8bb1c2fdec01
2023-10-25 10:52:16,350 [INFO] com.grapplermodule1.GrapplerEnhancement.service.HierarchyService [http-nio-8080-exec-2] Get All Teams Service Called
2023-10-25 10:52:16,487 [INFO] com.grapplermodule1.GrapplerEnhancement.service.HierarchyService [http-nio-8080-exec-2] Get Team Member By Id Called in Hierarchy Service
2023-10-25 10:52:16,522 [INFO] com.grapplermodule1.GrapplerEnhancement.service.HierarchyService [http-nio-8080-exec-2] Get Team Member By Id returning List of TeamMemberDTO
2023-10-25 10:52:16,523 [INFO] com.grapplermodule1.GrapplerEnhancement.service.HierarchyService [http-nio-8080-exec-2] Get Team Member By Id Called in Hierarchy Service
2023-10-25 10:52:16,529 [INFO] com.grapplermodule1.GrapplerEnhancement.service.HierarchyService [http-nio-8080-exec-2] Get Team Member By Id returning List of TeamMemberDTO
2023-10-25 10:52:16,530 [INFO] com.grapplermodule1.GrapplerEnhancement.service.HierarchyService [http-nio-8080-exec-2] Get Team Member By Id Called in Hierarchy Service
2023-10-25 10:52:16,535 [INFO] com.grapplermodule1.GrapplerEnhancement.service.HierarchyService [http-nio-8080-exec-2] Get Team Member By Id returning List of TeamMemberDTO
2023-10-25 10:52:16,535 [INFO] com.grapplermodule1.GrapplerEnhancement.service.HierarchyService [http-nio-8080-exec-2] Get Team Member By Id Called in Hierarchy Service
2023-10-25 10:52:16,541 [INFO] com.grapplermodule1.GrapplerEnhancement.service.HierarchyService [http-nio-8080-exec-2] Get Team Member By Id Called in Hierarchy Service
2023-10-25 10:52:16,546 [INFO] com.grapplermodule1.GrapplerEnhancement.service.HierarchyService [http-nio-8080-exec-2] Get Team Member By Id returning List of TeamMemberDTO
2023-10-25 10:52:16,546 [INFO] com.grapplermodule1.GrapplerEnhancement.service.HierarchyService [http-nio-8080-exec-2] Get Team Member By Id Called in Hierarchy Service
2023-10-25 10:52:16,550 [INFO] com.grapplermodule1.GrapplerEnhancement.service.HierarchyService [http-nio-8080-exec-2] Get Team Member By Id returning List of TeamMemberDTO
2023-10-25 10:52:16,551 [INFO] com.grapplermodule1.GrapplerEnhancement.service.HierarchyService [http-nio-8080-exec-2] Get All Teams API Returning Teams in ResponseEntity, UUID bca5339f-c2ee-4ae1-a3f8-8bb1c2fdec01
2023-10-25 10:55:58,760 [INFO] com.grapplermodule1.GrapplerEnhancement.service.HierarchyService [http-nio-8080-exec-4] Get Team By Id API Called, UUID 24f66db4-6cf9-4825-8431-eb0343c5b122
2023-10-25 10:55:58,761 [INFO] com.grapplermodule1.GrapplerEnhancement.service.HierarchyService [http-nio-8080-exec-4] Get Team By Id Service Called
2023-10-25 10:55:58,769 [INFO] com.grapplermodule1.GrapplerEnhancement.service.HierarchyService [http-nio-8080-exec-4] Get Team Member By Id Called in Hierarchy Service
2023-10-25 10:55:58,775 [INFO] com.grapplermodule1.GrapplerEnhancement.service.HierarchyService [http-nio-8080-exec-4] Get Team Member By Id returning List of TeamMemberDTO
2023-10-25 11:37:39,606 [INFO] com.grapplermodule1.GrapplerEnhancement.service.HierarchyService [http-nio-8080-exec-6] Get All Teams API Called, UUID 0c70ae8a-6136-4bb9-9399-7ac042412be2
2023-10-25 11:37:39,607 [INFO] com.grapplermodule1.GrapplerEnhancement.service.HierarchyService [http-nio-8080-exec-6] Get All Teams Service Called
2023-10-25 11:37:39,614 [INFO] com.grapplermodule1.GrapplerEnhancement.service.HierarchyService [http-nio-8080-exec-6] Get Team Member By Id Called in Hierarchy Service
2023-10-25 11:37:39,620 [INFO] com.grapplermodule1.GrapplerEnhancement.service.HierarchyService [http-nio-8080-exec-6] Get Team Member By Id returning List of TeamMemberDTO
2023-10-25 11:37:39,622 [INFO] com.grapplermodule1.GrapplerEnhancement.service.HierarchyService [http-nio-8080-exec-6] Get Team Member By Id Called in Hierarchy Service
2023-10-25 11:37:39,626 [INFO] com.grapplermodule1.GrapplerEnhancement.service.HierarchyService [http-nio-8080-exec-6] Get Team Member By Id returning List of TeamMemberDTO
2023-10-25 11:37:39,627 [INFO] com.grapplermodule1.GrapplerEnhancement.service.HierarchyService [http-nio-8080-exec-6] Get Team Member By Id Called in Hierarchy Service
2023-10-25 11:37:39,632 [INFO] com.grapplermodule1.GrapplerEnhancement.service.HierarchyService [http-nio-8080-exec-6] Get Team Member By Id returning List of TeamMemberDTO
2023-10-25 11:37:39,633 [INFO] com.grapplermodule1.GrapplerEnhancement.service.HierarchyService [http-nio-8080-exec-6] Get Team Member By Id Called in Hierarchy Service
2023-10-25 11:37:39,640 [INFO] com.grapplermodule1.GrapplerEnhancement.service.HierarchyService [http-nio-8080-exec-6] Get Team Member By Id Called in Hierarchy Service
2023-10-25 11:37:39,645 [INFO] com.grapplermodule1.GrapplerEnhancement.service.HierarchyService [http-nio-8080-exec-6] Get Team Member By Id returning List of TeamMemberDTO
2023-10-25 11:37:39,645 [INFO] com.DataModule1.GrapplerEnhancement.service.HierarchyService [http-nio-8080-exec-6] Get Team Member By Id Called in Hierarchy Service
2023-10-25 11:37:39,653 [INFO] com.grapplermodule1.GrapplerEnhancement.service.HierarchyService [http-nio-8080-exec-6] Get Team Member By Id returning List of TeamMemberDTO
2023-10-25 11:37:39,654 [INFO] com.grapplermodule1.GrapplerEnhancement.service.HierarchyService [http-nio-8080-exec-6] Get All Teams API Returning Teams in ResponseEntity, UUID 0c70ae8a-6136-4bb9-9399-7ac042412be2
2023-10-25 12:18:06,420 [WARN] com.zaxxer.hikari.pool.HikariPool [HikariPool-1 housekeeper] HikariPool-1 - Thread starvation or clock leap detected (housekeeper delta=3m19s270ms990µs).
2023-10-25 12:38:35,238 [INFO] com.grapplermodule1.GrapplerEnhancement.GrapplerEnhancementApplication [restartedMain] Starting GrapplerEnhancementApplication using Java 17.0.7 with PID 22276 (C:\Users\ASUS\IdeaProjects\Grappler-Enhancement\target\classes started by ASUS in C:\Users\ASUS\IdeaProjects\Grappler-Enhancement)
2023-10-25 12:38:35,242 [INFO] com.grapplermodule1.GrapplerEnhancement.GrapplerEnhancementApplication [restartedMain] No active profile set, falling back to 1 default profile: "default"
2023-10-25 12:38:35,335 [INFO] org.springframework.boot.devtools.env.DevToolsPropertyDefaultsPostProcessor [restartedMain] Devtools property defaults active! Set 'spring.devtools.add-properties' to 'false' to disable
2023-10-25 12:38:35,335 [INFO] org.springframework.boot.devtools.env.DevToolsPropertyDefaultsPostProcessor [restartedMain] For additional web related logging consider setting the 'logging.level.web' property to 'DEBUG'
2023-10-25 12:38:36,635 [INFO] org.springframework.data.repository.config.RepositoryConfigurationDelegate [restartedMain] Bootstrapping Spring Data JPA repositories in DEFAULT mode.
2023-10-25 12:38:36,771 [INFO] org.springframework.data.repository.config.RepositoryConfigurationDelegate [restartedMain] Finished Spring Data repository scanning in 122 ms. Found 3 JPA repository interfaces.
2023-10-25 12:38:38,099 [INFO] org.springframework.boot.web.embedded.tomcat.TomcatWebServer [restartedMain] Tomcat initialized with port(s): 8080 (http)
2023-10-25 12:38:38,125 [INFO] org.apache.catalina.core.StandardService [restartedMain] Starting service [Tomcat]
2023-10-25 12:38:38,125 [INFO] org.apache.catalina.core.StandardEngine [restartedMain] Starting Servlet engine: [Apache Tomcat/10.1.13]
2023-10-25 12:38:38,352 [INFO] org.apache.catalina.core.ContainerBase.[Tomcat].[localhost].[/] [restartedMain] Initializing Spring embedded WebApplicationContext
2023-10-25 12:38:38,354 [INFO] org.springframework.boot.web.servlet.context.ServletWebServerApplicationContext [restartedMain] Root WebApplicationContext: initialization completed in 3016 ms
2023-10-25 12:38:38,730 [INFO] org.hibernate.jpa.internal.util.LogHelper [restartedMain] HHH000204: Processing PersistenceUnitInfo [name: default]
2023-10-25 12:38:38,887 [INFO] org.hibernate.Version [restartedMain] HHH000412: Hibernate ORM core version 6.2.9.Final
2023-10-25 12:38:38,893 [INFO] org.hibernate.cfg.Environment [restartedMain] HHH000406: Using bytecode reflection optimizer
2023-10-25 12:38:39,256 [INFO] org.hibernate.bytecode.internal.BytecodeProviderInitiator [restartedMain] HHH000021: Bytecode provider name : bytebuddy
2023-10-25 12:38:39,481 [INFO] org.springframework.orm.jpa.persistenceunit.SpringPersistenceUnitInfo [restartedMain] No LoadTimeWeaver setup: ignoring JPA class transformer
2023-10-25 12:38:39,534 [INFO] com.zaxxer.hikari.HikariDataSource [restartedMain] HikariPool-1 - Starting...
2023-10-25 12:38:39,868 [INFO] com.zaxxer.hikari.pool.HikariPool [restartedMain] HikariPool-1 - Added connection com.mysql.cj.jdbc.ConnectionImpl@357eb321
2023-10-25 12:38:39,872 [INFO] com.zaxxer.hikari.HikariDataSource [restartedMain] HikariPool-1 - Start completed.
2023-10-25 12:38:40,403 [INFO] org.hibernate.bytecode.internal.BytecodeProviderInitiator [restartedMain] HHH000021: Bytecode provider name : bytebuddy
2023-10-25 12:38:41,211 [INFO] org.hibernate.engine.transaction.jta.platform.internal.JtaPlatformInitiator [restartedMain] HHH000490: Using JtaPlatform implementation: [org.hibernate.engine.transaction.jta.platform.internal.NoJtaPlatform]
2023-10-25 12:38:41,371 [INFO] org.springframework.orm.jpa.LocalContainerEntityManagerFactoryBean [restartedMain] Initialized JPA EntityManagerFactory for persistence unit 'default'
2023-10-25 12:38:41,835 [INFO] org.springframework.data.jpa.repository.query.QueryEnhancerFactory [restartedMain] Hibernate is in classpath; If applicable, HQL parser will be used.
2023-10-25 12:38:43,218 [WARN] org.springframework.boot.autoconfigure.orm.jpa.JpaBaseConfiguration$JpaWebConfiguration [restartedMain] spring.jpa.open-in-view is enabled by default. Therefore, database queries may be performed during view rendering. Explicitly configure spring.jpa.open-in-view to disable this warning
2023-10-25 12:38:44,813 [INFO] org.springframework.security.web.DefaultSecurityFilterChain [restartedMain] Will secure any request with [org.springframework.security.web.session.DisableEncodeUrlFilter@1e6fe977, org.springframework.security.web.context.request.async.WebAsyncManagerIntegrationFilter@4b74b42c, org.springframework.security.web.context.SecurityContextHolderFilter@26c74170, org.springframework.security.web.header.HeaderWriterFilter@2b5eec6f, org.springframework.security.web.authentication.logout.LogoutFilter@3d78b135, com.grapplermodule1.GrapplerEnhancement.cerebrus.jwtauthentication.JwtAuthenticationFilter@7f80264c, org.springframework.security.web.authentication.www.BasicAuthenticationFilter@44a2086, org.springframework.security.web.savedrequest.RequestCacheAwareFilter@23370ec3, org.springframework.security.web.servletapi.SecurityContextHolderAwareRequestFilter@13f90e3c, org.springframework.security.web.authentication.AnonymousAuthenticationFilter@61440f9e, org.springframework.security.web.session.SessionManagementFilter@5401d302, org.springframework.security.web.access.ExceptionTranslationFilter@56881d17, org.springframework.security.web.access.intercept.AuthorizationFilter@1a48bea3]
2023-10-25 12:38:45,341 [INFO] org.springframework.boot.devtools.autoconfigure.OptionalLiveReloadServer [restartedMain] LiveReload server is running on port 35729
2023-10-25 12:38:45,397 [INFO] org.springframework.boot.web.embedded.tomcat.TomcatWebServer [restartedMain] Tomcat started on port(s): 8080 (http) with context path ''
2023-10-25 12:38:45,416 [INFO] com.grapplermodule1.GrapplerEnhancement.GrapplerEnhancementApplication [restartedMain] Started GrapplerEnhancementApplication in 10.866 seconds (process running for 11.86)
2023-10-25 12:40:28,943 [INFO] org.apache.catalina.core.ContainerBase.[Tomcat].[localhost].[/] [http-nio-8080-exec-2] Initializing Spring DispatcherServlet 'dispatcherServlet'
2023-10-25 12:40:28,943 [INFO] org.springframework.web.servlet.DispatcherServlet [http-nio-8080-exec-2] Initializing Servlet 'dispatcherServlet'
2023-10-25 12:40:28,943 [INFO] org.springframework.web.servlet.DispatcherServlet [http-nio-8080-exec-2] Completed initialization in 0 ms
2023-10-25 12:40:29,048 [INFO] com.grapplermodule1.GrapplerEnhancement.controllers.HierarchyController [http-nio-8080-exec-2] Get Team Member Details API Called, UUID bb5c2005-41b5-4037-9cb7-9e1fa563f17b
2023-10-25 12:40:29,048 [INFO] com.grapplermodule1.GrapplerEnhancement.service.HierarchyService [http-nio-8080-exec-2] Get Member Details Service Called, User Id 5
2023-10-25 12:40:29,300 [INFO] com.grapplermodule1.GrapplerEnhancement.service.HierarchyService [http-nio-8080-exec-2] Get Member Details Service Returning UserDTO, User Id 5
2023-10-25 12:40:42,043 [INFO] com.grapplermodule1.GrapplerEnhancement.controllers.HierarchyController [http-nio-8080-exec-3] Get Team Member Details API Called, UUID 34debca0-8f77-43e4-8229-587569b1f36c
2023-10-25 12:40:42,043 [INFO] com.grapplermodule1.GrapplerEnhancement.service.HierarchyService [http-nio-8080-exec-3] Get Member Details Service Called, User Id 55
2023-10-25 12:40:42,062 [ERROR] com.grapplermodule1.GrapplerEnhancement.service.HierarchyService [http-nio-8080-exec-3] Get Member Details Service throws UserNotFoundException
2023-10-25 12:40:42,062 [ERROR] com.grapplermodule1.GrapplerEnhancement.service.HierarchyService [http-nio-8080-exec-3] Exception in Fetch User By Id Exception User Not Found With ID : 55
2023-10-25 12:40:42,062 [ERROR] com.grapplermodule1.GrapplerEnhancement.controllers.HierarchyController [http-nio-8080-exec-3] UUID 34debca0-8f77-43e4-8229-587569b1f36c UserNotFoundException In Add New Member API, Exception User Not Found With ID : 55
2023-10-25 12:40:52,203 [INFO] com.grapplermodule1.GrapplerEnhancement.controllers.HierarchyController [http-nio-8080-exec-4] Get Team Member Details API Called, UUID 4afe5ad0-12a0-4ccc-b58a-253d3e64a808
2023-10-25 12:40:52,211 [INFO] com.grapplermodule1.GrapplerEnhancement.service.HierarchyService [http-nio-8080-exec-4] Get Member Details Service Called, User Id 5
2023-10-25 12:40:52,219 [ERROR] com.grapplermodule1.GrapplerEnhancement.service.HierarchyService [http-nio-8080-exec-4] Get Member Details Service throws TeamNotFoundException
2023-10-25 12:40:52,219 [ERROR] com.grapplermodule1.GrapplerEnhancement.service.HierarchyService [http-nio-8080-exec-4] Exception in Fetch User By Id Exception Team Not Found With ID : 100
2023-10-25 12:40:52,219 [ERROR] com.grapplermodule1.GrapplerEnhancement.controllers.HierarchyController [http-nio-8080-exec-4] UUID 4afe5ad0-12a0-4ccc-b58a-253d3e64a808 TeamNotFoundException In Add New Member API, Exception Team Not Found With ID : 100
2023-10-25 12:40:57,676 [INFO] com.grapplermodule1.GrapplerEnhancement.controllers.HierarchyController [http-nio-8080-exec-5] Get Team Member Details API Called, UUID 5dab551a-693f-423f-88fb-e05428899b8f
2023-10-25 12:40:57,676 [INFO] com.grapplermodule1.GrapplerEnhancement.service.HierarchyService [http-nio-8080-exec-5] Get Member Details Service Called, User Id 55
2023-10-25 12:40:57,693 [ERROR] com.grapplermodule1.GrapplerEnhancement.service.HierarchyService [http-nio-8080-exec-5] Get Member Details Service throws TeamNotFoundException
2023-10-25 12:40:57,693 [ERROR] com.grapplermodule1.GrapplerEnhancement.service.HierarchyService [http-nio-8080-exec-5] Exception in Fetch User By Id Exception Team Not Found With ID : 100
2023-10-25 12:40:57,693 [ERROR] com.grapplermodule1.GrapplerEnhancement.controllers.HierarchyController [http-nio-8080-exec-5] UUID 5dab551a-693f-423f-88fb-e05428899b8f TeamNotFoundException In Add New Member API, Exception Team Not Found With ID : 100
2023-10-25 12:41:16,086 [INFO] com.grapplermodule1.GrapplerEnhancement.controllers.HierarchyController [http-nio-8080-exec-6] Get Team Member Details API Called, UUID e9c37c75-6f3f-42f5-972d-24b62a3206af
2023-10-25 12:41:16,086 [INFO] com.grapplermodule1.GrapplerEnhancement.service.HierarchyService [http-nio-8080-exec-6] Get Member Details Service Called, User Id 5
2023-10-25 12:41:16,102 [INFO] com.grapplermodule1.GrapplerEnhancement.service.HierarchyService [http-nio-8080-exec-6] Get Member Details Service Returning UserDTO, User Id 5
2023-10-25 12:53:20,605 [INFO] org.springframework.orm.jpa.LocalContainerEntityManagerFactoryBean [SpringApplicationShutdownHook] Closing JPA EntityManagerFactory for persistence unit 'default'
2023-10-25 12:53:20,612 [INFO] com.zaxxer.hikari.HikariDataSource [SpringApplicationShutdownHook] HikariPool-1 - Shutdown initiated...
2023-10-25 12:53:20,632 [INFO] com.zaxxer.hikari.HikariDataSource [SpringApplicationShutdownHook] HikariPool-1 - Shutdown completed.
2023-10-25 12:53:26,794 [INFO] com.grapplermodule1.GrapplerEnhancement.GrapplerEnhancementApplication [restartedMain] Starting GrapplerEnhancementApplication using Java 17.0.7 with PID 6532 (C:\Users\ASUS\IdeaProjects\Grappler-Enhancement\target\classes started by ASUS in C:\Users\ASUS\IdeaProjects\Grappler-Enhancement)
2023-10-25 12:53:26,797 [INFO] com.grapplermodule1.GrapplerEnhancement.GrapplerEnhancementApplication [restartedMain] No active profile set, falling back to 1 default profile: "default"
2023-10-25 12:53:26,897 [INFO] org.springframework.boot.devtools.env.DevToolsPropertyDefaultsPostProcessor [restartedMain] Devtools property defaults active! Set 'spring.devtools.add-properties' to 'false' to disable
2023-10-25 12:53:26,897 [INFO] org.springframework.boot.devtools.env.DevToolsPropertyDefaultsPostProcessor [restartedMain] For additional web related logging consider setting the 'logging.level.web' property to 'DEBUG'
2023-10-25 12:53:28,264 [INFO] org.springframework.data.repository.config.RepositoryConfigurationDelegate [restartedMain] Bootstrapping Spring Data JPA repositories in DEFAULT mode.
2023-10-25 12:53:28,395 [INFO] org.springframework.data.repository.config.RepositoryConfigurationDelegate [restartedMain] Finished Spring Data repository scanning in 117 ms. Found 3 JPA repository interfaces.
2023-10-25 12:53:29,854 [INFO] org.springframework.boot.web.embedded.tomcat.TomcatWebServer [restartedMain] Tomcat initialized with port(s): 8080 (http)
2023-10-25 12:53:29,878 [INFO] org.apache.catalina.core.StandardService [restartedMain] Starting service [Tomcat]
2023-10-25 12:53:29,879 [INFO] org.apache.catalina.core.StandardEngine [restartedMain] Starting Servlet engine: [Apache Tomcat/10.1.13]
2023-10-25 12:53:30,104 [INFO] org.apache.catalina.core.ContainerBase.[Tomcat].[localhost].[/] [restartedMain] Initializing Spring embedded WebApplicationContext
2023-10-25 12:53:30,105 [INFO] org.springframework.boot.web.servlet.context.ServletWebServerApplicationContext [restartedMain] Root WebApplicationContext: initialization completed in 3206 ms
2023-10-25 12:53:30,542 [INFO] org.hibernate.jpa.internal.util.LogHelper [restartedMain] HHH000204: Processing PersistenceUnitInfo [name: default]
2023-10-25 12:53:30,756 [INFO] org.hibernate.Version [restartedMain] HHH000412: Hibernate ORM core version 6.2.9.Final
2023-10-25 12:53:30,767 [INFO] org.hibernate.cfg.Environment [restartedMain] HHH000406: Using bytecode reflection optimizer
2023-10-25 12:53:31,139 [INFO] org.hibernate.bytecode.internal.BytecodeProviderInitiator [restartedMain] HHH000021: Bytecode provider name : bytebuddy
2023-10-25 12:53:31,353 [INFO] org.springframework.orm.jpa.persistenceunit.SpringPersistenceUnitInfo [restartedMain] No LoadTimeWeaver setup: ignoring JPA class transformer
2023-10-25 12:53:31,407 [INFO] com.zaxxer.hikari.HikariDataSource [restartedMain] HikariPool-1 - Starting...
2023-10-25 12:53:31,795 [INFO] com.zaxxer.hikari.pool.HikariPool [restartedMain] HikariPool-1 - Added connection com.mysql.cj.jdbc.ConnectionImpl@577d2d6b
2023-10-25 12:53:31,797 [INFO] com.zaxxer.hikari.HikariDataSource [restartedMain] HikariPool-1 - Start completed.
2023-10-25 12:53:32,341 [INFO] org.hibernate.bytecode.internal.BytecodeProviderInitiator [restartedMain] HHH000021: Bytecode provider name : bytebuddy
2023-10-25 12:53:33,198 [INFO] org.hibernate.engine.transaction.jta.platform.internal.JtaPlatformInitiator [restartedMain] HHH000490: Using JtaPlatform implementation: [org.hibernate.engine.transaction.jta.platform.internal.NoJtaPlatform]
2023-10-25 12:53:33,359 [INFO] org.springframework.orm.jpa.LocalContainerEntityManagerFactoryBean [restartedMain] Initialized JPA EntityManagerFactory for persistence unit 'default'
2023-10-25 12:53:33,812 [INFO] org.springframework.data.jpa.repository.query.QueryEnhancerFactory [restartedMain] Hibernate is in classpath; If applicable, HQL parser will be used.
2023-10-25 12:53:35,172 [WARN] org.springframework.boot.autoconfigure.orm.jpa.JpaBaseConfiguration$JpaWebConfiguration [restartedMain] spring.jpa.open-in-view is enabled by default. Therefore, database queries may be performed during view rendering. Explicitly configure spring.jpa.open-in-view to disable this warning
2023-10-25 12:53:37,071 [INFO] org.springframework.security.web.DefaultSecurityFilterChain [restartedMain] Will secure any request with [org.springframework.security.web.session.DisableEncodeUrlFilter@44a2086, org.springframework.security.web.context.request.async.WebAsyncManagerIntegrationFilter@46dd88f4, org.springframework.security.web.context.SecurityContextHolderFilter@5401d302, org.springframework.security.web.header.HeaderWriterFilter@4c974497, org.springframework.security.web.authentication.logout.LogoutFilter@4fa2e1e9, com.grapplermodule1.GrapplerEnhancement.cerebrus.jwtauthentication.JwtAuthenticationFilter@2753b1fc, org.springframework.security.web.authentication.www.BasicAuthenticationFilter@8b94d86, org.springframework.security.web.savedrequest.RequestCacheAwareFilter@2582f7, org.springframework.security.web.servletapi.SecurityContextHolderAwareRequestFilter@7c041f69, org.springframework.security.web.authentication.AnonymousAuthenticationFilter@2de4305a, org.springframework.security.web.session.SessionManagementFilter@70754a90, org.springframework.security.web.access.ExceptionTranslationFilter@6e705eaa, org.springframework.security.web.access.intercept.AuthorizationFilter@40b003a3]
2023-10-25 12:53:37,670 [INFO] org.springframework.boot.devtools.autoconfigure.OptionalLiveReloadServer [restartedMain] LiveReload server is running on port 35729
2023-10-25 12:53:37,720 [INFO] org.springframework.boot.web.embedded.tomcat.TomcatWebServer [restartedMain] Tomcat started on port(s): 8080 (http) with context path ''
2023-10-25 12:53:37,736 [INFO] com.grapplermodule1.GrapplerEnhancement.GrapplerEnhancementApplication [restartedMain] Started GrapplerEnhancementApplication in 11.632 seconds (process running for 12.566)
2023-10-25 12:53:44,360 [INFO] org.apache.catalina.core.ContainerBase.[Tomcat].[localhost].[/] [http-nio-8080-exec-2] Initializing Spring DispatcherServlet 'dispatcherServlet'
2023-10-25 12:53:44,360 [INFO] org.springframework.web.servlet.DispatcherServlet [http-nio-8080-exec-2] Initializing Servlet 'dispatcherServlet'
2023-10-25 12:53:44,360 [INFO] org.springframework.web.servlet.DispatcherServlet [http-nio-8080-exec-2] Completed initialization in 0 ms
2023-10-25 12:53:44,455 [INFO] com.grapplermodule1.GrapplerEnhancement.controllers.HierarchyController [http-nio-8080-exec-2] Get Team Member Details API Called, UUID 27b46d99-5449-470d-b749-1e49efe76a4d
2023-10-25 12:53:44,455 [INFO] com.grapplermodule1.GrapplerEnhancement.service.HierarchyService [http-nio-8080-exec-2] Get Member Details Service Called, User Id 5
2023-10-25 12:53:44,740 [ERROR] com.grapplermodule1.GrapplerEnhancement.service.HierarchyService [http-nio-8080-exec-2] Get Member Details Service throws TeamNotFoundException
2023-10-25 12:53:44,740 [ERROR] com.grapplermodule1.GrapplerEnhancement.service.HierarchyService [http-nio-8080-exec-2] Exception in Fetch User By Id Exception Team Not Found With ID : 2
2023-10-25 12:53:44,740 [ERROR] com.grapplermodule1.GrapplerEnhancement.controllers.HierarchyController [http-nio-8080-exec-2] UUID 27b46d99-5449-470d-b749-1e49efe76a4d MemberNotPresentInTeamException In Add New Member API, Exception Team Not Found With ID : 2
2023-10-25 12:54:47,601 [INFO] org.springframework.orm.jpa.LocalContainerEntityManagerFactoryBean [SpringApplicationShutdownHook] Closing JPA EntityManagerFactory for persistence unit 'default'
2023-10-25 12:54:47,607 [INFO] com.zaxxer.hikari.HikariDataSource [SpringApplicationShutdownHook] HikariPool-1 - Shutdown initiated...
2023-10-25 12:54:47,620 [INFO] com.zaxxer.hikari.HikariDataSource [SpringApplicationShutdownHook] HikariPool-1 - Shutdown completed.
2023-10-25 12:54:53,074 [INFO] com.grapplermodule1.GrapplerEnhancement.GrapplerEnhancementApplication [restartedMain] Starting GrapplerEnhancementApplication using Java 17.0.7 with PID 24416 (C:\Users\ASUS\IdeaProjects\Grappler-Enhancement\target\classes started by ASUS in C:\Users\ASUS\IdeaProjects\Grappler-Enhancement)
2023-10-25 12:54:53,077 [INFO] com.grapplermodule1.GrapplerEnhancement.GrapplerEnhancementApplication [restartedMain] No active profile set, falling back to 1 default profile: "default"
2023-10-25 12:54:53,175 [INFO] org.springframework.boot.devtools.env.DevToolsPropertyDefaultsPostProcessor [restartedMain] Devtools property defaults active! Set 'spring.devtools.add-properties' to 'false' to disable
2023-10-25 12:54:53,175 [INFO] org.springframework.boot.devtools.env.DevToolsPropertyDefaultsPostProcessor [restartedMain] For additional web related logging consider setting the 'logging.level.web' property to 'DEBUG'
2023-10-25 12:54:54,481 [INFO] org.springframework.data.repository.config.RepositoryConfigurationDelegate [restartedMain] Bootstrapping Spring Data JPA repositories in DEFAULT mode.
2023-10-25 12:54:54,614 [INFO] org.springframework.data.repository.config.RepositoryConfigurationDelegate [restartedMain] Finished Spring Data repository scanning in 117 ms. Found 3 JPA repository interfaces.
2023-10-25 12:54:56,021 [INFO] org.springframework.boot.web.embedded.tomcat.TomcatWebServer [restartedMain] Tomcat initialized with port(s): 8080 (http)
2023-10-25 12:54:56,045 [INFO] org.apache.catalina.core.StandardService [restartedMain] Starting service [Tomcat]
2023-10-25 12:54:56,046 [INFO] org.apache.catalina.core.StandardEngine [restartedMain] Starting Servlet engine: [Apache Tomcat/10.1.13]
2023-10-25 12:54:56,256 [INFO] org.apache.catalina.core.ContainerBase.[Tomcat].[localhost].[/] [restartedMain] Initializing Spring embedded WebApplicationContext
2023-10-25 12:54:56,257 [INFO] org.springframework.boot.web.servlet.context.ServletWebServerApplicationContext [restartedMain] Root WebApplicationContext: initialization completed in 3081 ms
2023-10-25 12:54:56,642 [INFO] org.hibernate.jpa.internal.util.LogHelper [restartedMain] HHH000204: Processing PersistenceUnitInfo [name: default]
2023-10-25 12:54:56,820 [INFO] org.hibernate.Version [restartedMain] HHH000412: Hibernate ORM core version 6.2.9.Final
2023-10-25 12:54:56,829 [INFO] org.hibernate.cfg.Environment [restartedMain] HHH000406: Using bytecode reflection optimizer
2023-10-25 12:54:57,232 [INFO] org.hibernate.bytecode.internal.BytecodeProviderInitiator [restartedMain] HHH000021: Bytecode provider name : bytebuddy
2023-10-25 12:54:57,450 [INFO] org.springframework.orm.jpa.persistenceunit.SpringPersistenceUnitInfo [restartedMain] No LoadTimeWeaver setup: ignoring JPA class transformer
2023-10-25 12:54:57,496 [INFO] com.zaxxer.hikari.HikariDataSource [restartedMain] HikariPool-1 - Starting...
2023-10-25 12:54:57,902 [INFO] com.zaxxer.hikari.pool.HikariPool [restartedMain] HikariPool-1 - Added connection com.mysql.cj.jdbc.ConnectionImpl@15664687
2023-10-25 12:54:57,904 [INFO] com.zaxxer.hikari.HikariDataSource [restartedMain] HikariPool-1 - Start completed.
2023-10-25 12:54:58,451 [INFO] org.hibernate.bytecode.internal.BytecodeProviderInitiator [restartedMain] HHH000021: Bytecode provider name : bytebuddy
2023-10-25 12:54:59,265 [INFO] org.hibernate.engine.transaction.jta.platform.internal.JtaPlatformInitiator [restartedMain] HHH000490: Using JtaPlatform implementation: [org.hibernate.engine.transaction.jta.platform.internal.NoJtaPlatform]
2023-10-25 12:54:59,416 [INFO] org.springframework.orm.jpa.LocalContainerEntityManagerFactoryBean [restartedMain] Initialized JPA EntityManagerFactory for persistence unit 'default'
2023-10-25 12:54:59,869 [INFO] org.springframework.data.jpa.repository.query.QueryEnhancerFactory [restartedMain] Hibernate is in classpath; If applicable, HQL parser will be used.
2023-10-25 12:55:01,548 [WARN] org.springframework.boot.autoconfigure.orm.jpa.JpaBaseConfiguration$JpaWebConfiguration [restartedMain] spring.jpa.open-in-view is enabled by default. Therefore, database queries may be performed during view rendering. Explicitly configure spring.jpa.open-in-view to disable this warning
2023-10-25 12:55:03,610 [INFO] org.springframework.security.web.DefaultSecurityFilterChain [restartedMain] Will secure any request with [org.springframework.security.web.session.DisableEncodeUrlFilter@489b66e1, org.springframework.security.web.context.request.async.WebAsyncManagerIntegrationFilter@5e5f170a, org.springframework.security.web.context.SecurityContextHolderFilter@5b6f8912, org.springframework.security.web.header.HeaderWriterFilter@21cd8b7e, org.springframework.security.web.authentication.logout.LogoutFilter@5c56dc2e, com.grapplermodule1.GrapplerEnhancement.cerebrus.jwtauthentication.JwtAuthenticationFilter@609b7f54, org.springframework.security.web.authentication.www.BasicAuthenticationFilter@17003a52, org.springframework.security.web.savedrequest.RequestCacheAwareFilter@7d19f908, org.springframework.security.web.servletapi.SecurityContextHolderAwareRequestFilter@5604342d, org.springframework.security.web.authentication.AnonymousAuthenticationFilter@92de4af, org.springframework.security.web.session.SessionManagementFilter@6daad7fa, org.springframework.security.web.access.ExceptionTranslationFilter@55f4d772, org.springframework.security.web.access.intercept.AuthorizationFilter@6b48226f]
2023-10-25 12:55:04,265 [INFO] org.springframework.boot.devtools.autoconfigure.OptionalLiveReloadServer [restartedMain] LiveReload server is running on port 35729
2023-10-25 12:55:04,325 [INFO] org.springframework.boot.web.embedded.tomcat.TomcatWebServer [restartedMain] Tomcat started on port(s): 8080 (http) with context path ''
2023-10-25 12:55:04,344 [INFO] com.grapplermodule1.GrapplerEnhancement.GrapplerEnhancementApplication [restartedMain] Started GrapplerEnhancementApplication in 11.946 seconds (process running for 12.82)
2023-10-25 12:55:10,821 [INFO] org.apache.catalina.core.ContainerBase.[Tomcat].[localhost].[/] [http-nio-8080-exec-2] Initializing Spring DispatcherServlet 'dispatcherServlet'
2023-10-25 12:55:10,821 [INFO] org.springframework.web.servlet.DispatcherServlet [http-nio-8080-exec-2] Initializing Servlet 'dispatcherServlet'
2023-10-25 12:55:10,825 [INFO] org.springframework.web.servlet.DispatcherServlet [http-nio-8080-exec-2] Completed initialization in 2 ms
2023-10-25 12:55:10,927 [INFO] com.grapplermodule1.GrapplerEnhancement.controllers.HierarchyController [http-nio-8080-exec-2] Get Team Member Details API Called, UUID 2f66b54e-eb6c-494c-a691-126f1679c339
2023-10-25 12:55:10,928 [INFO] com.grapplermodule1.GrapplerEnhancement.service.HierarchyService [http-nio-8080-exec-2] Get Member Details Service Called, User Id 5
2023-10-25 12:55:11,196 [ERROR] com.grapplermodule1.GrapplerEnhancement.service.HierarchyService [http-nio-8080-exec-2] Get Member Details Service throws TeamNotFoundException
2023-10-25 12:55:11,197 [ERROR] com.grapplermodule1.GrapplerEnhancement.service.HierarchyService [http-nio-8080-exec-2] Exception in Fetch User By Id Exception User With ID : 5 Not Found In Team With ID : 2
2023-10-25 12:55:11,197 [ERROR] com.grapplermodule1.GrapplerEnhancement.controllers.HierarchyController [http-nio-8080-exec-2] UUID 2f66b54e-eb6c-494c-a691-126f1679c339 MemberNotPresentInTeamException In Add New Member API, Exception User With ID : 5 Not Found In Team With ID : 2
2023-10-25 12:56:24,925 [INFO] org.springframework.orm.jpa.LocalContainerEntityManagerFactoryBean [SpringApplicationShutdownHook] Closing JPA EntityManagerFactory for persistence unit 'default'
2023-10-25 12:56:24,931 [INFO] com.zaxxer.hikari.HikariDataSource [SpringApplicationShutdownHook] HikariPool-1 - Shutdown initiated...
2023-10-25 12:56:24,942 [INFO] com.zaxxer.hikari.HikariDataSource [SpringApplicationShutdownHook] HikariPool-1 - Shutdown completed.
2023-10-25 19:04:12,958 [INFO] com.grapplermodule1.GrapplerEnhancement.GrapplerEnhancementApplication [restartedMain] Starting GrapplerEnhancementApplication using Java 17.0.7 with PID 10984 (C:\Users\ASUS\IdeaProjects\Grappler-Enhancement\target\classes started by ASUS in C:\Users\ASUS\IdeaProjects\Grappler-Enhancement)
2023-10-25 19:04:12,961 [INFO] com.grapplermodule1.GrapplerEnhancement.GrapplerEnhancementApplication [restartedMain] No active profile set, falling back to 1 default profile: "default"
2023-10-25 19:04:13,057 [INFO] org.springframework.boot.devtools.env.DevToolsPropertyDefaultsPostProcessor [restartedMain] Devtools property defaults active! Set 'spring.devtools.add-properties' to 'false' to disable
2023-10-25 19:04:13,057 [INFO] org.springframework.boot.devtools.env.DevToolsPropertyDefaultsPostProcessor [restartedMain] For additional web related logging consider setting the 'logging.level.web' property to 'DEBUG'
2023-10-25 19:04:14,410 [INFO] org.springframework.data.repository.config.RepositoryConfigurationDelegate [restartedMain] Bootstrapping Spring Data JPA repositories in DEFAULT mode.
2023-10-25 19:04:14,551 [INFO] org.springframework.data.repository.config.RepositoryConfigurationDelegate [restartedMain] Finished Spring Data repository scanning in 127 ms. Found 3 JPA repository interfaces.
2023-10-25 19:04:16,023 [INFO] org.springframework.boot.web.embedded.tomcat.TomcatWebServer [restartedMain] Tomcat initialized with port(s): 8080 (http)
2023-10-25 19:04:16,060 [INFO] org.apache.catalina.core.StandardService [restartedMain] Starting service [Tomcat]
2023-10-25 19:04:16,061 [INFO] org.apache.catalina.core.StandardEngine [restartedMain] Starting Servlet engine: [Apache Tomcat/10.1.13]
2023-10-25 19:04:16,329 [INFO] org.apache.catalina.core.ContainerBase.[Tomcat].[localhost].[/] [restartedMain] Initializing Spring embedded WebApplicationContext
2023-10-25 19:04:16,331 [INFO] org.springframework.boot.web.servlet.context.ServletWebServerApplicationContext [restartedMain] Root WebApplicationContext: initialization completed in 3273 ms
2023-10-25 19:04:16,814 [INFO] org.hibernate.jpa.internal.util.LogHelper [restartedMain] HHH000204: Processing PersistenceUnitInfo [name: default]
2023-10-25 19:04:16,947 [INFO] org.hibernate.Version [restartedMain] HHH000412: Hibernate ORM core version 6.2.9.Final
2023-10-25 19:04:16,958 [INFO] org.hibernate.cfg.Environment [restartedMain] HHH000406: Using bytecode reflection optimizer
2023-10-25 19:04:17,383 [INFO] org.hibernate.bytecode.internal.BytecodeProviderInitiator [restartedMain] HHH000021: Bytecode provider name : bytebuddy
2023-10-25 19:04:17,653 [INFO] org.springframework.orm.jpa.persistenceunit.SpringPersistenceUnitInfo [restartedMain] No LoadTimeWeaver setup: ignoring JPA class transformer
2023-10-25 19:04:17,706 [INFO] com.zaxxer.hikari.HikariDataSource [restartedMain] HikariPool-1 - Starting...
2023-10-25 19:04:18,087 [INFO] com.zaxxer.hikari.pool.HikariPool [restartedMain] HikariPool-1 - Added connection com.mysql.cj.jdbc.ConnectionImpl@1ac1da88
2023-10-25 19:04:18,089 [INFO] com.zaxxer.hikari.HikariDataSource [restartedMain] HikariPool-1 - Start completed.
2023-10-25 19:04:18,668 [INFO] org.hibernate.bytecode.internal.BytecodeProviderInitiator [restartedMain] HHH000021: Bytecode provider name : bytebuddy
2023-10-25 19:04:19,596 [INFO] org.hibernate.engine.transaction.jta.platform.internal.JtaPlatformInitiator [restartedMain] HHH000490: Using JtaPlatform implementation: [org.hibernate.engine.transaction.jta.platform.internal.NoJtaPlatform]
2023-10-25 19:04:19,763 [INFO] org.springframework.orm.jpa.LocalContainerEntityManagerFactoryBean [restartedMain] Initialized JPA EntityManagerFactory for persistence unit 'default'
2023-10-25 19:04:20,277 [INFO] org.springframework.data.jpa.repository.query.QueryEnhancerFactory [restartedMain] Hibernate is in classpath; If applicable, HQL parser will be used.
2023-10-25 19:04:21,833 [WARN] org.springframework.boot.autoconfigure.orm.jpa.JpaBaseConfiguration$JpaWebConfiguration [restartedMain] spring.jpa.open-in-view is enabled by default. Therefore, database queries may be performed during view rendering. Explicitly configure spring.jpa.open-in-view to disable this warning
2023-10-25 19:04:23,752 [INFO] org.springframework.security.web.DefaultSecurityFilterChain [restartedMain] Will secure any request with [org.springframework.security.web.session.DisableEncodeUrlFilter@d13547a, org.springframework.security.web.context.request.async.WebAsyncManagerIntegrationFilter@5b9ec1b8, org.springframework.security.web.context.SecurityContextHolderFilter@1d010a98, org.springframework.security.web.header.HeaderWriterFilter@4b7b7d0, org.springframework.security.web.authentication.logout.LogoutFilter@786be58e, com.grapplermodule1.GrapplerEnhancement.cerebrus.jwtauthentication.JwtAuthenticationFilter@32eaabc6, org.springframework.security.web.authentication.www.BasicAuthenticationFilter@4762372f, org.springframework.security.web.savedrequest.RequestCacheAwareFilter@4c1fe345, org.springframework.security.web.servletapi.SecurityContextHolderAwareRequestFilter@2484666, org.springframework.security.web.authentication.AnonymousAuthenticationFilter@c8e2f54, org.springframework.security.web.session.SessionManagementFilter@5e7cfb1d, org.springframework.security.web.access.ExceptionTranslationFilter@1e3e8229, org.springframework.security.web.access.intercept.AuthorizationFilter@e621b39]
2023-10-25 19:04:24,477 [INFO] org.springframework.boot.devtools.autoconfigure.OptionalLiveReloadServer [restartedMain] LiveReload server is running on port 35729
2023-10-25 19:04:24,527 [INFO] org.springframework.boot.web.embedded.tomcat.TomcatWebServer [restartedMain] Tomcat started on port(s): 8080 (http) with context path ''
2023-10-25 19:04:24,544 [INFO] com.grapplermodule1.GrapplerEnhancement.GrapplerEnhancementApplication [restartedMain] Started GrapplerEnhancementApplication in 12.272 seconds (process running for 13.649)
2023-10-25 19:04:59,040 [INFO] org.apache.catalina.core.ContainerBase.[Tomcat].[localhost].[/] [http-nio-8080-exec-1] Initializing Spring DispatcherServlet 'dispatcherServlet'
2023-10-25 19:04:59,040 [INFO] org.springframework.web.servlet.DispatcherServlet [http-nio-8080-exec-1] Initializing Servlet 'dispatcherServlet'
2023-10-25 19:04:59,048 [INFO] org.springframework.web.servlet.DispatcherServlet [http-nio-8080-exec-1] Completed initialization in 8 ms
2023-10-25 19:04:59,138 [INFO] com.grapplermodule1.GrapplerEnhancement.service.HierarchyService [http-nio-8080-exec-1] Get Team By Id API Called, UUID 0d8aa87e-40c8-441e-b014-1e4fd5f098d8
2023-10-25 19:04:59,138 [INFO] com.grapplermodule1.GrapplerEnhancement.service.HierarchyService [http-nio-8080-exec-1] Get Team By Id Service Called
2023-10-25 19:04:59,292 [INFO] com.grapplermodule1.GrapplerEnhancement.service.HierarchyService [http-nio-8080-exec-1] Get Team Member By Id Called in Hierarchy Service
2023-10-25 19:04:59,308 [INFO] com.grapplermodule1.GrapplerEnhancement.service.HierarchyService [http-nio-8080-exec-1] Get Team Member By Id returning List of TeamMemberDTO
2023-10-25 19:10:47,857 [INFO] com.grapplermodule1.GrapplerEnhancement.controllers.HierarchyController [http-nio-8080-exec-6] Get Team Hierarchy By Id API Called, UUID f0c49464-0d37-4a6e-ac1b-01054bb137f7
2023-10-25 19:10:47,857 [INFO] com.grapplermodule1.GrapplerEnhancement.service.HierarchyService [http-nio-8080-exec-6] Get Team Hierarchy By Id Service Called
2023-10-25 19:10:47,955 [INFO] com.grapplermodule1.GrapplerEnhancement.service.HierarchyService [http-nio-8080-exec-6] Get Team Hierarchy By Id Service returning List of TeamMemberDTO
2023-10-25 19:19:56,492 [INFO] org.springframework.orm.jpa.LocalContainerEntityManagerFactoryBean [SpringApplicationShutdownHook] Closing JPA EntityManagerFactory for persistence unit 'default'
2023-10-25 19:19:56,501 [INFO] com.zaxxer.hikari.HikariDataSource [SpringApplicationShutdownHook] HikariPool-1 - Shutdown initiated...
2023-10-25 19:19:56,516 [INFO] com.zaxxer.hikari.HikariDataSource [SpringApplicationShutdownHook] HikariPool-1 - Shutdown completed.
